[debug] [2021-04-07T05:04:48.183Z] ----------------------------------------------------------------------
[debug] [2021-04-07T05:04:48.185Z] Command:       C:\Program Files\nodejs\node.exe C:\Users\Albi-Tanvir\AppData\Roaming\npm\node_modules\firebase-tools\lib\bin\firebase.js init
[debug] [2021-04-07T05:04:48.185Z] CLI Version:   9.8.0
[debug] [2021-04-07T05:04:48.185Z] Platform:      win32
[debug] [2021-04-07T05:04:48.185Z] Node Version:  v14.16.0
[debug] [2021-04-07T05:04:48.186Z] Time:          Wed Apr 07 2021 11:04:48 GMT+0600 (Bangladesh Standard Time)
[debug] [2021-04-07T05:04:48.186Z] ----------------------------------------------------------------------
[debug] 
[debug] [2021-04-07T05:04:48.189Z] >>> [apiv2][query] GET https://firebase-public.firebaseio.com/cli.json [none]
[debug] [2021-04-07T05:04:48.210Z] > command requires scopes: ["email","openid","https://www.googleapis.com/auth/cloudplatformprojects.readonly","https://www.googleapis.com/auth/firebase","https://www.googleapis.com/auth/cloud-platform"]
[debug] [2021-04-07T05:04:48.211Z] > authorizing via signed-in user
[info] 
     ######## #### ########  ######## ########     ###     ######  ########
     ##        ##  ##     ## ##       ##     ##  ##   ##  ##       ##
     ######    ##  ########  ######   ########  #########  ######  ######
     ##        ##  ##    ##  ##       ##     ## ##     ##       ## ##
     ##       #### ##     ## ######## ########  ##     ##  ######  ########

You're about to initialize a Firebase project in this directory:

  E:\Web-Development\hot-chilies\hot-chilies-client

[debug] [2021-04-07T05:04:49.159Z] <<< [apiv2][status] GET https://firebase-public.firebaseio.com/cli.json 200
[debug] [2021-04-07T05:04:49.160Z] <<< [apiv2][body] GET https://firebase-public.firebaseio.com/cli.json {"cloudBuildErrorAfter":1594252800000,"cloudBuildWarnAfter":1590019200000,"defaultNode10After":1594252800000,"minVersion":"3.0.5","node8DeploysDisabledAfter":1613390400000,"node8RuntimeDisabledAfter":1615809600000,"node8WarnAfter":1600128000000}
